<?xml version="1.0" encoding="UTF-8"?>
<!-- Generated by org.testng.reporters.JUnitReportReporter -->
<testsuite hostname="Ammu" failures="0" tests="3" name="day34.ThirdTest" time="0.003" errors="0" timestamp="2023-09-29T18:23:37 CDT" skipped="0">
  <testcase classname="day34.ThirdTest" name="test3" time="0.001"/>
  <testcase classname="day34.ThirdTest" name="test1" time="0.001"/>
  <testcase classname="day34.ThirdTest" name="test2" time="0.001"/>
</testsuite> <!-- day34.ThirdTest -->
