<?xml version="1.0" encoding="UTF-8"?>
<!-- Generated by org.testng.reporters.JUnitReportReporter -->
<testsuite hostname="Ammu" failures="0" tests="3" name="day36.Grouping" time="0.010" errors="0" timestamp="2023-10-01T13:53:36 CDT" skipped="0">
  <testcase classname="day36.Grouping" name="signUpByFacebook" time="0.008"/>
  <testcase classname="day36.Grouping" name="signUpTwitter" time="0.001"/>
  <testcase classname="day36.Grouping" name="paymentReturnByBank" time="0.001"/>
</testsuite> <!-- day36.Grouping -->
