<?xml version="1.0" encoding="UTF-8"?>
<!-- Generated by org.testng.reporters.JUnitReportReporter -->
<testsuite hostname="Ammu" failures="0" tests="2" name="day35pack1.Class1" time="0.006" errors="0" timestamp="2023-09-29T19:29:35 CDT" skipped="0">
  <testcase classname="day35pack1.Class1" name="abc" time="0.001"/>
  <testcase classname="day35pack1.Class1" name="abc" time="0.005"/>
</testsuite> <!-- day35pack1.Class1 -->
