<?xml version="1.0" encoding="UTF-8"?>
<!-- Generated by org.testng.reporters.JUnitReportReporter -->
<testsuite hostname="Ammu" failures="0" tests="3" name="day34.SecondTest" time="12.705" errors="0" timestamp="2023-09-29T18:23:37 CDT" skipped="0">
  <testcase classname="day34.SecondTest" name="openApp" time="11.390"/>
  <testcase classname="day34.SecondTest" name="login" time="1.153"/>
  <testcase classname="day34.SecondTest" name="close" time="0.162"/>
</testsuite> <!-- day34.SecondTest -->
