<?xml version="1.0" encoding="UTF-8"?>
<!-- Generated by org.testng.reporters.JUnitReportReporter -->
<testsuite hostname="Ammu" failures="0" tests="10" name="day37.InvocationCountDemo" time="0.019" errors="0" timestamp="2023-10-01T19:15:23 CDT" skipped="0">
  <testcase classname="day37.InvocationCountDemo" name="test" time="0.003"/>
  <testcase classname="day37.InvocationCountDemo" name="test" time="0.001"/>
  <testcase classname="day37.InvocationCountDemo" name="test" time="0.002"/>
  <testcase classname="day37.InvocationCountDemo" name="test" time="0.001"/>
  <testcase classname="day37.InvocationCountDemo" name="test" time="0.002"/>
  <testcase classname="day37.InvocationCountDemo" name="test" time="0.001"/>
  <testcase classname="day37.InvocationCountDemo" name="test" time="0.000"/>
  <testcase classname="day37.InvocationCountDemo" name="test" time="0.001"/>
  <testcase classname="day37.InvocationCountDemo" name="test" time="0.006"/>
  <testcase classname="day37.InvocationCountDemo" name="test" time="0.002"/>
</testsuite> <!-- day37.InvocationCountDemo -->
