<?xml version="1.0" encoding="UTF-8"?>
<!-- Generated by org.testng.reporters.JUnitReportReporter -->
<testsuite hostname="Ammu" failures="0" tests="2" name="day34.FirstTest" time="0.010" errors="0" timestamp="2023-09-29T17:38:55 CDT" skipped="0">
  <testcase classname="day34.FirstTest" name="test1" time="0.009"/>
  <testcase classname="day34.FirstTest" name="test2" time="0.001"/>
</testsuite> <!-- day34.FirstTest -->
