<?xml version="1.0" encoding="UTF-8"?>
<!-- Generated by org.testng.reporters.JUnitReportReporter -->
<testsuite hostname="Ammu" failures="0" tests="1" name="day35.HardVsSoftAssertions" time="0.012" errors="0" timestamp="2023-09-29T20:41:20 CDT" skipped="0">
  <testcase classname="day35.HardVsSoftAssertions" name="test_softassertions" time="0.012"/>
</testsuite> <!-- day35.HardVsSoftAssertions -->
