<?xml version="1.0" encoding="UTF-8"?>
<!-- Generated by org.testng.reporters.JUnitReportReporter -->
<testsuite hostname="Ammu" failures="0" tests="4" name="day37.ParallelTest" time="0.202" errors="0" timestamp="2023-10-01T20:22:12 CDT" skipped="0">
  <testcase classname="day37.ParallelTest" name="testUsername" time="0.088"/>
  <testcase classname="day37.ParallelTest" name="testUsername" time="0.075"/>
  <testcase classname="day37.ParallelTest" name="testHomePageTitle" time="0.021"/>
  <testcase classname="day37.ParallelTest" name="testHomePageTitle" time="0.018"/>
</testsuite> <!-- day37.ParallelTest -->
