<?xml version="1.0" encoding="UTF-8"?>
<!-- Generated by org.testng.reporters.JUnitReportReporter -->
<testsuite hostname="Ammu" failures="0" tests="2" name="day35.AnnotationsDemo2" time="0.004" errors="0" timestamp="2023-09-29T19:14:34 CDT" skipped="0">
  <testcase classname="day35.AnnotationsDemo2" name="search" time="0.003"/>
  <testcase classname="day35.AnnotationsDemo2" name="advancedsearch" time="0.001"/>
</testsuite> <!-- day35.AnnotationsDemo2 -->
